{"/Users/igormaciel/Desktop/backTecla/teste-full-stack/server/src/application/useCases/CreateUserUseCase.ts": {"path":"/Users/igormaciel/Desktop/backTecla/teste-full-stack/server/src/application/useCases/CreateUserUseCase.ts","statementMap":{"0":{"start":{"line":1,"column":0},"end":{"line":1,"column":50}},"1":{"start":{"line":4,"column":0},"end":{"line":4,"column":null}},"2":{"start":{"line":10,"column":22},"end":{"line":10,"column":53}},"3":{"start":{"line":13,"column":4},"end":{"line":15,"column":null}},"4":{"start":{"line":14,"column":6},"end":{"line":14,"column":58}},"5":{"start":{"line":17,"column":4},"end":{"line":19,"column":null}},"6":{"start":{"line":18,"column":6},"end":{"line":18,"column":57}},"7":{"start":{"line":21,"column":23},"end":{"line":21,"column":72}},"8":{"start":{"line":23,"column":4},"end":{"line":25,"column":null}},"9":{"start":{"line":24,"column":6},"end":{"line":24,"column":51}},"10":{"start":{"line":27,"column":17},"end":{"line":27,"column":34}},"11":{"start":{"line":28,"column":4},"end":{"line":28,"column":44}},"12":{"start":{"line":9,"column":0},"end":{"line":9,"column":13}}},"fnMap":{"0":{"name":"(anonymous_7)","decl":{"start":{"line":10,"column":2},"end":{"line":10,"column":22}},"loc":{"start":{"line":10,"column":53},"end":{"line":10,"column":57}}},"1":{"name":"(anonymous_8)","decl":{"start":{"line":12,"column":8},"end":{"line":12,"column":15}},"loc":{"start":{"line":12,"column":35},"end":{"line":29,"column":null}}}},"branchMap":{"0":{"loc":{"start":{"line":13,"column":4},"end":{"line":15,"column":null}},"type":"if","locations":[{"start":{"line":13,"column":4},"end":{"line":15,"column":null}},{"start":{},"end":{}}]},"1":{"loc":{"start":{"line":17,"column":4},"end":{"line":19,"column":null}},"type":"if","locations":[{"start":{"line":17,"column":4},"end":{"line":19,"column":null}},{"start":{},"end":{}}]},"2":{"loc":{"start":{"line":23,"column":4},"end":{"line":25,"column":null}},"type":"if","locations":[{"start":{"line":23,"column":4},"end":{"line":25,"column":null}},{"start":{},"end":{}}]}},"s":{"0":2,"1":2,"2":10,"3":11,"4":1,"5":10,"6":0,"7":10,"8":10,"9":2,"10":8,"11":8,"12":2},"f":{"0":10,"1":11},"b":{"0":[1,10],"1":[0,10],"2":[2,8]}}
,"/Users/igormaciel/Desktop/backTecla/teste-full-stack/server/src/application/useCases/UpdateUserUseCase.ts": {"path":"/Users/igormaciel/Desktop/backTecla/teste-full-stack/server/src/application/useCases/UpdateUserUseCase.ts","statementMap":{"0":{"start":{"line":3,"column":0},"end":{"line":3,"column":null}},"1":{"start":{"line":17,"column":22},"end":{"line":17,"column":53}},"2":{"start":{"line":21,"column":4},"end":{"line":23,"column":null}},"3":{"start":{"line":22,"column":6},"end":{"line":22,"column":68}},"4":{"start":{"line":25,"column":17},"end":{"line":25,"column":55}},"5":{"start":{"line":27,"column":4},"end":{"line":29,"column":null}},"6":{"start":{"line":28,"column":6},"end":{"line":28,"column":38}},"7":{"start":{"line":32,"column":4},"end":{"line":37,"column":null}},"8":{"start":{"line":33,"column":27},"end":{"line":33,"column":76}},"9":{"start":{"line":34,"column":6},"end":{"line":36,"column":null}},"10":{"start":{"line":35,"column":8},"end":{"line":35,"column":53}},"11":{"start":{"line":39,"column":4},"end":{"line":39,"column":48}},"12":{"start":{"line":16,"column":0},"end":{"line":16,"column":13}}},"fnMap":{"0":{"name":"(anonymous_7)","decl":{"start":{"line":17,"column":2},"end":{"line":17,"column":22}},"loc":{"start":{"line":17,"column":53},"end":{"line":17,"column":57}}},"1":{"name":"(anonymous_8)","decl":{"start":{"line":19,"column":8},"end":{"line":19,"column":15}},"loc":{"start":{"line":19,"column":47},"end":{"line":40,"column":null}}}},"branchMap":{"0":{"loc":{"start":{"line":21,"column":4},"end":{"line":23,"column":null}},"type":"if","locations":[{"start":{"line":21,"column":4},"end":{"line":23,"column":null}},{"start":{},"end":{}}]},"1":{"loc":{"start":{"line":27,"column":4},"end":{"line":29,"column":null}},"type":"if","locations":[{"start":{"line":27,"column":4},"end":{"line":29,"column":null}},{"start":{},"end":{}}]},"2":{"loc":{"start":{"line":32,"column":4},"end":{"line":37,"column":null}},"type":"if","locations":[{"start":{"line":32,"column":4},"end":{"line":37,"column":null}},{"start":{},"end":{}}]},"3":{"loc":{"start":{"line":32,"column":8},"end":{"line":32,"column":47}},"type":"binary-expr","locations":[{"start":{"line":32,"column":8},"end":{"line":32,"column":18}},{"start":{"line":32,"column":22},"end":{"line":32,"column":47}}]},"4":{"loc":{"start":{"line":34,"column":6},"end":{"line":36,"column":null}},"type":"if","locations":[{"start":{"line":34,"column":6},"end":{"line":36,"column":null}},{"start":{},"end":{}}]}},"s":{"0":2,"1":10,"2":3,"3":0,"4":3,"5":3,"6":1,"7":2,"8":0,"9":0,"10":0,"11":2,"12":2},"f":{"0":10,"1":3},"b":{"0":[0,3],"1":[1,2],"2":[0,2],"3":[2,0],"4":[0,0]}}
,"/Users/igormaciel/Desktop/backTecla/teste-full-stack/server/src/domain/entities/User.ts": {"path":"/Users/igormaciel/Desktop/backTecla/teste-full-stack/server/src/domain/entities/User.ts","statementMap":{"0":{"start":{"line":1,"column":0},"end":{"line":1,"column":65}},"1":{"start":{"line":4,"column":17},"end":{"line":47,"column":null}},"2":{"start":{"line":26,"column":4},"end":{"line":26,"column":31}},"3":{"start":{"line":32,"column":4},"end":{"line":34,"column":null}},"4":{"start":{"line":33,"column":6},"end":{"line":33,"column":43}},"5":{"start":{"line":36,"column":4},"end":{"line":38,"column":null}},"6":{"start":{"line":37,"column":6},"end":{"line":37,"column":42}},"7":{"start":{"line":40,"column":4},"end":{"line":40,"column":27}},"8":{"start":{"line":44,"column":64},"end":{"line":44,"column":68}},"9":{"start":{"line":45,"column":4},"end":{"line":45,"column":63}},"10":{"start":{"line":4,"column":13},"end":{"line":4,"column":17}},"11":{"start":{"line":6,"column":2},"end":{"line":6,"column":null}},"12":{"start":{"line":9,"column":2},"end":{"line":9,"column":null}},"13":{"start":{"line":12,"column":2},"end":{"line":12,"column":null}},"14":{"start":{"line":15,"column":2},"end":{"line":15,"column":null}},"15":{"start":{"line":18,"column":2},"end":{"line":18,"column":null}},"16":{"start":{"line":21,"column":2},"end":{"line":21,"column":null}},"17":{"start":{"line":20,"column":46},"end":{"line":20,"column":65}},"18":{"start":{"line":4,"column":13},"end":{"line":47,"column":null}}},"fnMap":{"0":{"name":"(anonymous_2)","decl":{"start":{"line":23,"column":2},"end":{"line":23,"column":null}},"loc":{"start":{"line":24,"column":65},"end":{"line":27,"column":3}}},"1":{"name":"(anonymous_3)","decl":{"start":{"line":29,"column":2},"end":{"line":29,"column":8}},"loc":{"start":{"line":30,"column":65},"end":{"line":41,"column":3}}},"2":{"name":"(anonymous_4)","decl":{"start":{"line":43,"column":2},"end":{"line":43,"column":8}},"loc":{"start":{"line":43,"column":8},"end":{"line":46,"column":3}}},"3":{"name":"(anonymous_5)","decl":{"start":{"line":20,"column":40},"end":{"line":20,"column":43}},"loc":{"start":{"line":20,"column":46},"end":{"line":20,"column":65}}}},"branchMap":{"0":{"loc":{"start":{"line":32,"column":4},"end":{"line":34,"column":null}},"type":"if","locations":[{"start":{"line":32,"column":4},"end":{"line":34,"column":null}},{"start":{},"end":{}}]},"1":{"loc":{"start":{"line":36,"column":4},"end":{"line":38,"column":null}},"type":"if","locations":[{"start":{"line":36,"column":4},"end":{"line":38,"column":null}},{"start":{},"end":{}}]}},"s":{"0":4,"1":4,"2":22,"3":22,"4":0,"5":22,"6":0,"7":22,"8":0,"9":0,"10":4,"11":4,"12":4,"13":4,"14":4,"15":4,"16":4,"17":0,"18":4},"f":{"0":22,"1":22,"2":0,"3":0},"b":{"0":[0,22],"1":[0,22]}}
,"/Users/igormaciel/Desktop/backTecla/teste-full-stack/server/src/infrastructure/database/repositories/UserRepository.ts": {"path":"/Users/igormaciel/Desktop/backTecla/teste-full-stack/server/src/infrastructure/database/repositories/UserRepository.ts","statementMap":{"0":{"start":{"line":2,"column":0},"end":{"line":2,"column":53}},"1":{"start":{"line":4,"column":0},"end":{"line":4,"column":31}},"2":{"start":{"line":5,"column":0},"end":{"line":5,"column":69}},"3":{"start":{"line":11,"column":4},"end":{"line":11,"column":56}},"4":{"start":{"line":15,"column":4},"end":{"line":15,"column":38}},"5":{"start":{"line":19,"column":4},"end":{"line":19,"column":45}},"6":{"start":{"line":23,"column":4},"end":{"line":23,"column":48}},"7":{"start":{"line":27,"column":4},"end":{"line":44,"column":null}},"8":{"start":{"line":29,"column":27},"end":{"line":29,"column":50}},"9":{"start":{"line":30,"column":6},"end":{"line":32,"column":null}},"10":{"start":{"line":31,"column":8},"end":{"line":31,"column":42}},"11":{"start":{"line":35,"column":6},"end":{"line":35,"column":44}},"12":{"start":{"line":38,"column":26},"end":{"line":38,"column":66}},"13":{"start":{"line":39,"column":6},"end":{"line":39,"column":25}},"14":{"start":{"line":41,"column":6},"end":{"line":43,"column":8}},"15":{"start":{"line":48,"column":4},"end":{"line":48,"column":37}},"16":{"start":{"line":52,"column":4},"end":{"line":52,"column":34}},"17":{"start":{"line":7,"column":0},"end":{"line":7,"column":13}}},"fnMap":{"0":{"name":"(anonymous_8)","decl":{"start":{"line":10,"column":2},"end":{"line":10,"column":null}},"loc":{"start":{"line":10,"column":2},"end":{"line":12,"column":3}}},"1":{"name":"(anonymous_9)","decl":{"start":{"line":14,"column":8},"end":{"line":14,"column":14}},"loc":{"start":{"line":14,"column":25},"end":{"line":16,"column":null}}},"2":{"name":"(anonymous_11)","decl":{"start":{"line":18,"column":8},"end":{"line":18,"column":16}},"loc":{"start":{"line":18,"column":27},"end":{"line":20,"column":null}}},"3":{"name":"(anonymous_13)","decl":{"start":{"line":22,"column":8},"end":{"line":22,"column":19}},"loc":{"start":{"line":22,"column":33},"end":{"line":24,"column":null}}},"4":{"name":"(anonymous_15)","decl":{"start":{"line":26,"column":8},"end":{"line":26,"column":14}},"loc":{"start":{"line":26,"column":50},"end":{"line":45,"column":null}}},"5":{"name":"(anonymous_17)","decl":{"start":{"line":47,"column":8},"end":{"line":47,"column":14}},"loc":{"start":{"line":47,"column":25},"end":{"line":49,"column":null}}},"6":{"name":"(anonymous_19)","decl":{"start":{"line":51,"column":8},"end":{"line":51,"column":12}},"loc":{"start":{"line":51,"column":12},"end":{"line":53,"column":null}}}},"branchMap":{"0":{"loc":{"start":{"line":30,"column":6},"end":{"line":32,"column":null}},"type":"if","locations":[{"start":{"line":30,"column":6},"end":{"line":32,"column":null}},{"start":{},"end":{}}]},"1":{"loc":{"start":{"line":42,"column":8},"end":{"line":42,"column":70}},"type":"cond-expr","locations":[{"start":{"line":42,"column":33},"end":{"line":42,"column":46}},{"start":{"line":42,"column":49},"end":{"line":42,"column":70}}]}},"s":{"0":1,"1":1,"2":1,"3":0,"4":0,"5":0,"6":0,"7":0,"8":0,"9":0,"10":0,"11":0,"12":0,"13":0,"14":0,"15":0,"16":0,"17":1},"f":{"0":0,"1":0,"2":0,"3":0,"4":0,"5":0,"6":0},"b":{"0":[0,0],"1":[0,0]}}
,"/Users/igormaciel/Desktop/backTecla/teste-full-stack/server/src/infrastructure/http/swagger.ts": {"path":"/Users/igormaciel/Desktop/backTecla/teste-full-stack/server/src/infrastructure/http/swagger.ts","statementMap":{"0":{"start":{"line":1,"column":0},"end":{"line":1,"column":41}},"1":{"start":{"line":3,"column":38},"end":{"line":19,"column":2}},"2":{"start":{"line":21,"column":13},"end":{"line":21,"column":49}}},"fnMap":{},"branchMap":{},"s":{"0":0,"1":0,"2":0},"f":{},"b":{}}
,"/Users/igormaciel/Desktop/backTecla/teste-full-stack/server/src/infrastructure/http/controllers/UserController.ts": {"path":"/Users/igormaciel/Desktop/backTecla/teste-full-stack/server/src/infrastructure/http/controllers/UserController.ts","statementMap":{"0":{"start":{"line":2,"column":0},"end":{"line":2,"column":84}},"1":{"start":{"line":3,"column":0},"end":{"line":3,"column":84}},"2":{"start":{"line":4,"column":0},"end":{"line":4,"column":76}},"3":{"start":{"line":5,"column":0},"end":{"line":5,"column":null}},"4":{"start":{"line":17,"column":4},"end":{"line":17,"column":65}},"5":{"start":{"line":18,"column":4},"end":{"line":18,"column":72}},"6":{"start":{"line":19,"column":4},"end":{"line":19,"column":72}},"7":{"start":{"line":23,"column":4},"end":{"line":31,"column":null}},"8":{"start":{"line":24,"column":19},"end":{"line":24,"column":65}},"9":{"start":{"line":25,"column":6},"end":{"line":25,"column":40}},"10":{"start":{"line":27,"column":6},"end":{"line":29,"column":null}},"11":{"start":{"line":28,"column":8},"end":{"line":28,"column":62}},"12":{"start":{"line":30,"column":6},"end":{"line":30,"column":18}},"13":{"start":{"line":35,"column":4},"end":{"line":40,"column":null}},"14":{"start":{"line":36,"column":20},"end":{"line":36,"column":52}},"15":{"start":{"line":37,"column":6},"end":{"line":37,"column":29}},"16":{"start":{"line":39,"column":6},"end":{"line":39,"column":18}},"17":{"start":{"line":44,"column":4},"end":{"line":56,"column":null}},"18":{"start":{"line":45,"column":19},"end":{"line":45,"column":76}},"19":{"start":{"line":47,"column":6},"end":{"line":51,"column":null}},"20":{"start":{"line":48,"column":8},"end":{"line":50,"column":70}},"21":{"start":{"line":53,"column":6},"end":{"line":53,"column":28}},"22":{"start":{"line":55,"column":6},"end":{"line":55,"column":18}},"23":{"start":{"line":60,"column":4},"end":{"line":69,"column":null}},"24":{"start":{"line":61,"column":17},"end":{"line":61,"column":38}},"25":{"start":{"line":62,"column":19},"end":{"line":62,"column":69}},"26":{"start":{"line":63,"column":6},"end":{"line":63,"column":28}},"27":{"start":{"line":65,"column":6},"end":{"line":67,"column":null}},"28":{"start":{"line":66,"column":8},"end":{"line":66,"column":62}},"29":{"start":{"line":68,"column":6},"end":{"line":68,"column":18}},"30":{"start":{"line":73,"column":4},"end":{"line":85,"column":null}},"31":{"start":{"line":74,"column":17},"end":{"line":74,"column":38}},"32":{"start":{"line":75,"column":19},"end":{"line":75,"column":57}},"33":{"start":{"line":77,"column":6},"end":{"line":79,"column":null}},"34":{"start":{"line":78,"column":8},"end":{"line":78,"column":79}},"35":{"start":{"line":81,"column":6},"end":{"line":81,"column":43}},"36":{"start":{"line":82,"column":6},"end":{"line":82,"column":36}},"37":{"start":{"line":84,"column":6},"end":{"line":84,"column":18}},"38":{"start":{"line":11,"column":0},"end":{"line":11,"column":13}}},"fnMap":{"0":{"name":"(anonymous_7)","decl":{"start":{"line":16,"column":2},"end":{"line":16,"column":14}},"loc":{"start":{"line":16,"column":46},"end":{"line":20,"column":3}}},"1":{"name":"(anonymous_8)","decl":{"start":{"line":22,"column":8},"end":{"line":22,"column":14}},"loc":{"start":{"line":22,"column":42},"end":{"line":32,"column":null}}},"2":{"name":"(anonymous_10)","decl":{"start":{"line":34,"column":8},"end":{"line":34,"column":12}},"loc":{"start":{"line":34,"column":40},"end":{"line":41,"column":null}}},"3":{"name":"(anonymous_12)","decl":{"start":{"line":43,"column":8},"end":{"line":43,"column":16}},"loc":{"start":{"line":43,"column":44},"end":{"line":57,"column":null}}},"4":{"name":"(anonymous_14)","decl":{"start":{"line":59,"column":8},"end":{"line":59,"column":14}},"loc":{"start":{"line":59,"column":42},"end":{"line":70,"column":null}}},"5":{"name":"(anonymous_16)","decl":{"start":{"line":72,"column":8},"end":{"line":72,"column":14}},"loc":{"start":{"line":72,"column":42},"end":{"line":86,"column":null}}}},"branchMap":{"0":{"loc":{"start":{"line":17,"column":26},"end":{"line":17,"column":64}},"type":"binary-expr","locations":[{"start":{"line":17,"column":26},"end":{"line":17,"column":40}},{"start":{"line":17,"column":44},"end":{"line":17,"column":64}}]},"1":{"loc":{"start":{"line":27,"column":6},"end":{"line":29,"column":null}},"type":"if","locations":[{"start":{"line":27,"column":6},"end":{"line":29,"column":null}},{"start":{},"end":{}}]},"2":{"loc":{"start":{"line":47,"column":6},"end":{"line":51,"column":null}},"type":"if","locations":[{"start":{"line":47,"column":6},"end":{"line":51,"column":null}},{"start":{},"end":{}}]},"3":{"loc":{"start":{"line":65,"column":6},"end":{"line":67,"column":null}},"type":"if","locations":[{"start":{"line":65,"column":6},"end":{"line":67,"column":null}},{"start":{},"end":{}}]},"4":{"loc":{"start":{"line":77,"column":6},"end":{"line":79,"column":null}},"type":"if","locations":[{"start":{"line":77,"column":6},"end":{"line":79,"column":null}},{"start":{},"end":{}}]}},"s":{"0":1,"1":1,"2":1,"3":1,"4":7,"5":7,"6":7,"7":7,"8":7,"9":6,"10":1,"11":1,"12":0,"13":1,"14":1,"15":1,"16":0,"17":2,"18":2,"19":2,"20":1,"21":1,"22":0,"23":0,"24":0,"25":0,"26":0,"27":0,"28":0,"29":0,"30":2,"31":2,"32":2,"33":2,"34":1,"35":1,"36":1,"37":0,"38":1},"f":{"0":7,"1":7,"2":1,"3":2,"4":0,"5":2},"b":{"0":[7,0],"1":[1,0],"2":[1,1],"3":[0,0],"4":[1,1]}}
,"/Users/igormaciel/Desktop/backTecla/teste-full-stack/server/src/infrastructure/http/middlewares/error-handler.middleware.ts": {"path":"/Users/igormaciel/Desktop/backTecla/teste-full-stack/server/src/infrastructure/http/middlewares/error-handler.middleware.ts","statementMap":{"0":{"start":{"line":2,"column":0},"end":{"line":2,"column":59}},"1":{"start":{"line":4,"column":28},"end":{"line":23,"column":1}},"2":{"start":{"line":10,"column":2},"end":{"line":15,"column":null}},"3":{"start":{"line":11,"column":4},"end":{"line":14,"column":7}},"4":{"start":{"line":17,"column":2},"end":{"line":17,"column":23}},"5":{"start":{"line":19,"column":2},"end":{"line":22,"column":5}},"6":{"start":{"line":4,"column":13},"end":{"line":4,"column":28}}},"fnMap":{"0":{"name":"(anonymous_0)","decl":{"start":{"line":4,"column":28},"end":{"line":4,"column":null}},"loc":{"start":{"line":9,"column":4},"end":{"line":23,"column":1}}}},"branchMap":{"0":{"loc":{"start":{"line":10,"column":2},"end":{"line":15,"column":null}},"type":"if","locations":[{"start":{"line":10,"column":2},"end":{"line":15,"column":null}},{"start":{},"end":{}}]}},"s":{"0":1,"1":1,"2":2,"3":1,"4":1,"5":1,"6":1},"f":{"0":2},"b":{"0":[1,1]}}
,"/Users/igormaciel/Desktop/backTecla/teste-full-stack/server/src/infrastructure/http/middlewares/swagger.middleware.ts": {"path":"/Users/igormaciel/Desktop/backTecla/teste-full-stack/server/src/infrastructure/http/middlewares/swagger.middleware.ts","statementMap":{"0":{"start":{"line":2,"column":0},"end":{"line":2,"column":43}},"1":{"start":{"line":3,"column":0},"end":{"line":3,"column":41}},"2":{"start":{"line":10,"column":28},"end":{"line":25,"column":1}},"3":{"start":{"line":11,"column":36},"end":{"line":15,"column":4}},"4":{"start":{"line":18,"column":25},"end":{"line":18,"column":71}},"5":{"start":{"line":19,"column":23},"end":{"line":21,"column":null}},"6":{"start":{"line":24,"column":2},"end":{"line":24,"column":53}},"7":{"start":{"line":10,"column":13},"end":{"line":10,"column":28}}},"fnMap":{"0":{"name":"(anonymous_1)","decl":{"start":{"line":10,"column":28},"end":{"line":10,"column":29}},"loc":{"start":{"line":10,"column":51},"end":{"line":25,"column":1}}}},"branchMap":{},"s":{"0":0,"1":0,"2":0,"3":0,"4":0,"5":0,"6":0,"7":0},"f":{"0":0},"b":{}}
,"/Users/igormaciel/Desktop/backTecla/teste-full-stack/server/src/infrastructure/http/routes/userRoutes.ts": {"path":"/Users/igormaciel/Desktop/backTecla/teste-full-stack/server/src/infrastructure/http/routes/userRoutes.ts","statementMap":{"0":{"start":{"line":1,"column":0},"end":{"line":1,"column":33}},"1":{"start":{"line":2,"column":0},"end":{"line":2,"column":63}},"2":{"start":{"line":4,"column":19},"end":{"line":4,"column":27}},"3":{"start":{"line":245,"column":9},"end":{"line":245,"column":19}},"4":{"start":{"line":5,"column":23},"end":{"line":5,"column":43}},"5":{"start":{"line":127,"column":0},"end":{"line":127,"column":76}},"6":{"start":{"line":127,"column":43},"end":{"line":127,"column":74}},"7":{"start":{"line":179,"column":0},"end":{"line":179,"column":73}},"8":{"start":{"line":179,"column":40},"end":{"line":179,"column":71}},"9":{"start":{"line":197,"column":0},"end":{"line":197,"column":70}},"10":{"start":{"line":197,"column":39},"end":{"line":197,"column":68}},"11":{"start":{"line":222,"column":0},"end":{"line":222,"column":78}},"12":{"start":{"line":222,"column":43},"end":{"line":222,"column":76}},"13":{"start":{"line":243,"column":0},"end":{"line":243,"column":79}},"14":{"start":{"line":243,"column":46},"end":{"line":243,"column":77}}},"fnMap":{"0":{"name":"(anonymous_0)","decl":{"start":{"line":127,"column":29},"end":{"line":127,"column":30}},"loc":{"start":{"line":127,"column":43},"end":{"line":127,"column":74}}},"1":{"name":"(anonymous_1)","decl":{"start":{"line":179,"column":26},"end":{"line":179,"column":27}},"loc":{"start":{"line":179,"column":40},"end":{"line":179,"column":71}}},"2":{"name":"(anonymous_2)","decl":{"start":{"line":197,"column":25},"end":{"line":197,"column":26}},"loc":{"start":{"line":197,"column":39},"end":{"line":197,"column":68}}},"3":{"name":"(anonymous_3)","decl":{"start":{"line":222,"column":29},"end":{"line":222,"column":30}},"loc":{"start":{"line":222,"column":43},"end":{"line":222,"column":76}}},"4":{"name":"(anonymous_4)","decl":{"start":{"line":243,"column":32},"end":{"line":243,"column":33}},"loc":{"start":{"line":243,"column":46},"end":{"line":243,"column":77}}}},"branchMap":{},"s":{"0":0,"1":0,"2":0,"3":0,"4":0,"5":0,"6":0,"7":0,"8":0,"9":0,"10":0,"11":0,"12":0,"13":0,"14":0},"f":{"0":0,"1":0,"2":0,"3":0,"4":0},"b":{}}
,"/Users/igormaciel/Desktop/backTecla/teste-full-stack/server/src/migrations/1699354629453-create-user-table.ts": {"path":"/Users/igormaciel/Desktop/backTecla/teste-full-stack/server/src/migrations/1699354629453-create-user-table.ts","statementMap":{"0":{"start":{"line":1,"column":0},"end":{"line":1,"column":64}},"1":{"start":{"line":6,"column":8},"end":{"line":47,"column":10}},"2":{"start":{"line":51,"column":8},"end":{"line":51,"column":null}},"3":{"start":{"line":3,"column":0},"end":{"line":3,"column":13}}},"fnMap":{"0":{"name":"(anonymous_7)","decl":{"start":{"line":5,"column":17},"end":{"line":5,"column":19}},"loc":{"start":{"line":5,"column":44},"end":{"line":48,"column":null}}},"1":{"name":"(anonymous_9)","decl":{"start":{"line":50,"column":17},"end":{"line":50,"column":21}},"loc":{"start":{"line":50,"column":46},"end":{"line":52,"column":null}}}},"branchMap":{},"s":{"0":0,"1":0,"2":0,"3":0},"f":{"0":0,"1":0},"b":{}}
,"/Users/igormaciel/Desktop/backTecla/teste-full-stack/server/src/migrations/1709312100000-update-user-table.ts": {"path":"/Users/igormaciel/Desktop/backTecla/teste-full-stack/server/src/migrations/1709312100000-update-user-table.ts","statementMap":{"0":{"start":{"line":6,"column":4},"end":{"line":10,"column":11}},"1":{"start":{"line":14,"column":4},"end":{"line":18,"column":11}},"2":{"start":{"line":3,"column":0},"end":{"line":3,"column":13}}},"fnMap":{"0":{"name":"(anonymous_7)","decl":{"start":{"line":4,"column":15},"end":{"line":4,"column":17}},"loc":{"start":{"line":4,"column":42},"end":{"line":11,"column":null}}},"1":{"name":"(anonymous_9)","decl":{"start":{"line":13,"column":15},"end":{"line":13,"column":19}},"loc":{"start":{"line":13,"column":44},"end":{"line":19,"column":null}}}},"branchMap":{},"s":{"0":0,"1":0,"2":0},"f":{"0":0,"1":0},"b":{}}
,"/Users/igormaciel/Desktop/backTecla/teste-full-stack/server/src/shared/errors/AppError.ts": {"path":"/Users/igormaciel/Desktop/backTecla/teste-full-stack/server/src/shared/errors/AppError.ts","statementMap":{"0":{"start":{"line":6,"column":4},"end":{"line":6,"column":19}},"1":{"start":{"line":3,"column":20},"end":{"line":3,"column":35}},"2":{"start":{"line":4,"column":20},"end":{"line":4,"column":41}},"3":{"start":{"line":7,"column":4},"end":{"line":7,"column":38}},"4":{"start":{"line":8,"column":4},"end":{"line":8,"column":52}},"5":{"start":{"line":1,"column":0},"end":{"line":1,"column":13}}},"fnMap":{"0":{"name":"(anonymous_0)","decl":{"start":{"line":2,"column":2},"end":{"line":2,"column":null}},"loc":{"start":{"line":4,"column":44},"end":{"line":9,"column":3}}}},"branchMap":{"0":{"loc":{"start":{"line":4,"column":20},"end":{"line":4,"column":44}},"type":"default-arg","locations":[{"start":{"line":4,"column":41},"end":{"line":4,"column":44}}]}},"s":{"0":5,"1":5,"2":5,"3":5,"4":5,"5":4},"f":{"0":5},"b":{"0":[0]}}
,"/Users/igormaciel/Desktop/backTecla/teste-full-stack/server/src/shared/errors/domain-errors.ts": {"path":"/Users/igormaciel/Desktop/backTecla/teste-full-stack/server/src/shared/errors/domain-errors.ts","statementMap":{"0":{"start":{"line":1,"column":0},"end":{"line":1,"column":38}},"1":{"start":{"line":5,"column":4},"end":{"line":5,"column":62}},"2":{"start":{"line":3,"column":0},"end":{"line":3,"column":13}},"3":{"start":{"line":11,"column":4},"end":{"line":11,"column":58}},"4":{"start":{"line":9,"column":0},"end":{"line":9,"column":13}},"5":{"start":{"line":17,"column":4},"end":{"line":17,"column":24}},"6":{"start":{"line":15,"column":0},"end":{"line":15,"column":13}},"7":{"start":{"line":23,"column":4},"end":{"line":23,"column":45}},"8":{"start":{"line":21,"column":0},"end":{"line":21,"column":13}}},"fnMap":{"0":{"name":"(anonymous_0)","decl":{"start":{"line":4,"column":2},"end":{"line":4,"column":14}},"loc":{"start":{"line":4,"column":25},"end":{"line":6,"column":3}}},"1":{"name":"(anonymous_1)","decl":{"start":{"line":10,"column":2},"end":{"line":10,"column":14}},"loc":{"start":{"line":10,"column":27},"end":{"line":12,"column":3}}},"2":{"name":"(anonymous_2)","decl":{"start":{"line":16,"column":2},"end":{"line":16,"column":14}},"loc":{"start":{"line":16,"column":29},"end":{"line":18,"column":3}}},"3":{"name":"(anonymous_3)","decl":{"start":{"line":22,"column":2},"end":{"line":22,"column":14}},"loc":{"start":{"line":22,"column":29},"end":{"line":24,"column":3}}}},"branchMap":{"0":{"loc":{"start":{"line":5,"column":18},"end":{"line":5,"column":43}},"type":"cond-expr","locations":[{"start":{"line":5,"column":23},"end":{"line":5,"column":38}},{"start":{"line":5,"column":41},"end":{"line":5,"column":43}}]}},"s":{"0":3,"1":1,"2":3,"3":2,"4":3,"5":1,"6":3,"7":0,"8":3},"f":{"0":1,"1":2,"2":1,"3":0},"b":{"0":[1,0]}}
,"/Users/igormaciel/Desktop/backTecla/teste-full-stack/server/src/test/mocks/UserRepositoryMock.ts": {"path":"/Users/igormaciel/Desktop/backTecla/teste-full-stack/server/src/test/mocks/UserRepositoryMock.ts","statementMap":{"0":{"start":{"line":1,"column":0},"end":{"line":1,"column":50}},"1":{"start":{"line":5,"column":10},"end":{"line":5,"column":29}},"2":{"start":{"line":6,"column":10},"end":{"line":6,"column":29}},"3":{"start":{"line":9,"column":17},"end":{"line":14,"column":6}},"4":{"start":{"line":15,"column":4},"end":{"line":15,"column":47}},"5":{"start":{"line":16,"column":4},"end":{"line":16,"column":26}},"6":{"start":{"line":17,"column":4},"end":{"line":17,"column":16}},"7":{"start":{"line":21,"column":4},"end":{"line":21,"column":61}},"8":{"start":{"line":21,"column":37},"end":{"line":21,"column":51}},"9":{"start":{"line":25,"column":4},"end":{"line":25,"column":67}},"10":{"start":{"line":25,"column":37},"end":{"line":25,"column":57}},"11":{"start":{"line":29,"column":18},"end":{"line":29,"column":64}},"12":{"start":{"line":29,"column":49},"end":{"line":29,"column":63}},"13":{"start":{"line":30,"column":4},"end":{"line":30,"column":56}},"14":{"start":{"line":30,"column":22},"end":{"line":30,"column":56}},"15":{"start":{"line":32,"column":24},"end":{"line":32,"column":41}},"16":{"start":{"line":33,"column":23},"end":{"line":38,"column":6}},"17":{"start":{"line":40,"column":24},"end":{"line":40,"column":47}},"18":{"start":{"line":41,"column":4},"end":{"line":44,"column":7}},"19":{"start":{"line":46,"column":4},"end":{"line":46,"column":36}},"20":{"start":{"line":47,"column":4},"end":{"line":47,"column":23}},"21":{"start":{"line":51,"column":18},"end":{"line":51,"column":64}},"22":{"start":{"line":51,"column":49},"end":{"line":51,"column":63}},"23":{"start":{"line":52,"column":4},"end":{"line":54,"column":null}},"24":{"start":{"line":53,"column":6},"end":{"line":53,"column":34}},"25":{"start":{"line":58,"column":4},"end":{"line":58,"column":22}},"26":{"start":{"line":62,"column":4},"end":{"line":62,"column":20}},"27":{"start":{"line":4,"column":0},"end":{"line":4,"column":13}}},"fnMap":{"0":{"name":"(anonymous_7)","decl":{"start":{"line":4,"column":0},"end":{"line":4,"column":13}},"loc":{"start":{"line":4,"column":0},"end":{"line":64,"column":1}}},"1":{"name":"(anonymous_8)","decl":{"start":{"line":8,"column":8},"end":{"line":8,"column":14}},"loc":{"start":{"line":8,"column":29},"end":{"line":18,"column":null}}},"2":{"name":"(anonymous_10)","decl":{"start":{"line":20,"column":8},"end":{"line":20,"column":16}},"loc":{"start":{"line":20,"column":27},"end":{"line":22,"column":null}}},"3":{"name":"(anonymous_12)","decl":{"start":{"line":21,"column":27},"end":{"line":21,"column":28}},"loc":{"start":{"line":21,"column":37},"end":{"line":21,"column":51}}},"4":{"name":"(anonymous_13)","decl":{"start":{"line":24,"column":8},"end":{"line":24,"column":19}},"loc":{"start":{"line":24,"column":33},"end":{"line":26,"column":null}}},"5":{"name":"(anonymous_15)","decl":{"start":{"line":25,"column":27},"end":{"line":25,"column":28}},"loc":{"start":{"line":25,"column":37},"end":{"line":25,"column":57}}},"6":{"name":"(anonymous_16)","decl":{"start":{"line":28,"column":8},"end":{"line":28,"column":14}},"loc":{"start":{"line":28,"column":50},"end":{"line":48,"column":null}}},"7":{"name":"(anonymous_18)","decl":{"start":{"line":29,"column":39},"end":{"line":29,"column":40}},"loc":{"start":{"line":29,"column":49},"end":{"line":29,"column":63}}},"8":{"name":"(anonymous_19)","decl":{"start":{"line":50,"column":8},"end":{"line":50,"column":14}},"loc":{"start":{"line":50,"column":25},"end":{"line":55,"column":null}}},"9":{"name":"(anonymous_21)","decl":{"start":{"line":51,"column":39},"end":{"line":51,"column":40}},"loc":{"start":{"line":51,"column":49},"end":{"line":51,"column":63}}},"10":{"name":"(anonymous_22)","decl":{"start":{"line":57,"column":8},"end":{"line":57,"column":12}},"loc":{"start":{"line":57,"column":12},"end":{"line":59,"column":null}}},"11":{"name":"(anonymous_24)","decl":{"start":{"line":61,"column":2},"end":{"line":61,"column":7}},"loc":{"start":{"line":61,"column":7},"end":{"line":63,"column":3}}}},"branchMap":{"0":{"loc":{"start":{"line":21,"column":11},"end":{"line":21,"column":60}},"type":"binary-expr","locations":[{"start":{"line":21,"column":11},"end":{"line":21,"column":52}},{"start":{"line":21,"column":56},"end":{"line":21,"column":60}}]},"1":{"loc":{"start":{"line":25,"column":11},"end":{"line":25,"column":66}},"type":"binary-expr","locations":[{"start":{"line":25,"column":11},"end":{"line":25,"column":58}},{"start":{"line":25,"column":62},"end":{"line":25,"column":66}}]},"2":{"loc":{"start":{"line":30,"column":4},"end":{"line":30,"column":56}},"type":"if","locations":[{"start":{"line":30,"column":4},"end":{"line":30,"column":56}},{"start":{},"end":{}}]},"3":{"loc":{"start":{"line":34,"column":12},"end":{"line":34,"column":45}},"type":"binary-expr","locations":[{"start":{"line":34,"column":12},"end":{"line":34,"column":25}},{"start":{"line":34,"column":29},"end":{"line":34,"column":45}}]},"4":{"loc":{"start":{"line":35,"column":13},"end":{"line":35,"column":48}},"type":"binary-expr","locations":[{"start":{"line":35,"column":13},"end":{"line":35,"column":27}},{"start":{"line":35,"column":31},"end":{"line":35,"column":48}}]},"5":{"loc":{"start":{"line":36,"column":15},"end":{"line":36,"column":54}},"type":"cond-expr","locations":[{"start":{"line":36,"column":31},"end":{"line":36,"column":35}},{"start":{"line":36,"column":35},"end":{"line":36,"column":54}}]},"6":{"loc":{"start":{"line":36,"column":15},"end":{"line":36,"column":35}},"type":"binary-expr","locations":[{"start":{"line":36,"column":15},"end":{"line":36,"column":35}},{"start":{"line":36,"column":31},"end":{"line":36,"column":35}}]},"7":{"loc":{"start":{"line":37,"column":17},"end":{"line":37,"column":60}},"type":"cond-expr","locations":[{"start":{"line":37,"column":35},"end":{"line":37,"column":39}},{"start":{"line":37,"column":39},"end":{"line":37,"column":60}}]},"8":{"loc":{"start":{"line":37,"column":17},"end":{"line":37,"column":39}},"type":"binary-expr","locations":[{"start":{"line":37,"column":17},"end":{"line":37,"column":39}},{"start":{"line":37,"column":35},"end":{"line":37,"column":39}}]},"9":{"loc":{"start":{"line":52,"column":4},"end":{"line":54,"column":null}},"type":"if","locations":[{"start":{"line":52,"column":4},"end":{"line":54,"column":null}},{"start":{},"end":{}}]}},"s":{"0":4,"1":17,"2":17,"3":10,"4":10,"5":10,"6":10,"7":7,"8":4,"9":10,"10":3,"11":2,"12":2,"13":2,"14":0,"15":2,"16":2,"17":2,"18":2,"19":2,"20":2,"21":1,"22":1,"23":1,"24":1,"25":1,"26":15,"27":4},"f":{"0":17,"1":10,"2":7,"3":4,"4":10,"5":3,"6":2,"7":2,"8":1,"9":1,"10":1,"11":15},"b":{"0":[7,3],"1":[10,8],"2":[0,2],"3":[2,0],"4":[2,2],"5":[1,1],"6":[2,2],"7":[0,2],"8":[2,2],"9":[1,0]}}
}
