TN:
SF:src/application/useCases/CreateUserUseCase.ts
FN:10,(anonymous_7)
FN:12,(anonymous_8)
FNF:2
FNH:2
FNDA:10,(anonymous_7)
FNDA:11,(anonymous_8)
DA:1,2
DA:4,2
DA:9,2
DA:10,10
DA:13,11
DA:14,1
DA:17,10
DA:18,0
DA:21,10
DA:23,10
DA:24,2
DA:27,8
DA:28,8
LF:13
LH:12
BRDA:13,0,0,1
BRDA:13,0,1,10
BRDA:17,1,0,0
BRDA:17,1,1,10
BRDA:23,2,0,2
BRDA:23,2,1,8
BRF:6
BRH:5
end_of_record
TN:
SF:src/application/useCases/UpdateUserUseCase.ts
FN:17,(anonymous_7)
FN:19,(anonymous_8)
FNF:2
FNH:2
FNDA:10,(anonymous_7)
FNDA:3,(anonymous_8)
DA:3,2
DA:16,2
DA:17,10
DA:21,3
DA:22,0
DA:25,3
DA:27,3
DA:28,1
DA:32,2
DA:33,0
DA:34,0
DA:35,0
DA:39,2
LF:13
LH:9
BRDA:21,0,0,0
BRDA:21,0,1,3
BRDA:27,1,0,1
BRDA:27,1,1,2
BRDA:32,2,0,0
BRDA:32,2,1,2
BRDA:32,3,0,2
BRDA:32,3,1,0
BRDA:34,4,0,0
BRDA:34,4,1,0
BRF:10
BRH:5
end_of_record
TN:
SF:src/domain/entities/User.ts
FN:23,(anonymous_2)
FN:29,(anonymous_3)
FN:43,(anonymous_4)
FN:20,(anonymous_5)
FNF:4
FNH:2
FNDA:22,(anonymous_2)
FNDA:22,(anonymous_3)
FNDA:0,(anonymous_4)
FNDA:0,(anonymous_5)
DA:1,4
DA:4,4
DA:6,4
DA:9,4
DA:12,4
DA:15,4
DA:18,4
DA:20,0
DA:21,4
DA:26,22
DA:32,22
DA:33,0
DA:36,22
DA:37,0
DA:40,22
DA:44,0
DA:45,0
LF:17
LH:12
BRDA:32,0,0,0
BRDA:32,0,1,22
BRDA:36,1,0,0
BRDA:36,1,1,22
BRF:4
BRH:2
end_of_record
TN:
SF:src/infrastructure/database/repositories/UserRepository.ts
FN:10,(anonymous_8)
FN:14,(anonymous_9)
FN:18,(anonymous_11)
FN:22,(anonymous_13)
FN:26,(anonymous_15)
FN:47,(anonymous_17)
FN:51,(anonymous_19)
FNF:7
FNH:0
FNDA:0,(anonymous_8)
FNDA:0,(anonymous_9)
FNDA:0,(anonymous_11)
FNDA:0,(anonymous_13)
FNDA:0,(anonymous_15)
FNDA:0,(anonymous_17)
FNDA:0,(anonymous_19)
DA:2,1
DA:4,1
DA:5,1
DA:7,1
DA:11,0
DA:15,0
DA:19,0
DA:23,0
DA:27,0
DA:29,0
DA:30,0
DA:31,0
DA:35,0
DA:38,0
DA:39,0
DA:41,0
DA:48,0
DA:52,0
LF:18
LH:4
BRDA:30,0,0,0
BRDA:30,0,1,0
BRDA:42,1,0,0
BRDA:42,1,1,0
BRF:4
BRH:0
end_of_record
TN:
SF:src/infrastructure/http/swagger.ts
FNF:0
FNH:0
DA:1,0
DA:3,0
DA:21,0
LF:3
LH:0
BRF:0
BRH:0
end_of_record
TN:
SF:src/infrastructure/http/controllers/UserController.ts
FN:16,(anonymous_7)
FN:22,(anonymous_8)
FN:34,(anonymous_10)
FN:43,(anonymous_12)
FN:59,(anonymous_14)
FN:72,(anonymous_16)
FNF:6
FNH:5
FNDA:7,(anonymous_7)
FNDA:7,(anonymous_8)
FNDA:1,(anonymous_10)
FNDA:2,(anonymous_12)
FNDA:0,(anonymous_14)
FNDA:2,(anonymous_16)
DA:2,1
DA:3,1
DA:4,1
DA:5,1
DA:11,1
DA:17,7
DA:18,7
DA:19,7
DA:23,7
DA:24,7
DA:25,6
DA:27,1
DA:28,1
DA:30,0
DA:35,1
DA:36,1
DA:37,1
DA:39,0
DA:44,2
DA:45,2
DA:47,2
DA:48,1
DA:53,1
DA:55,0
DA:60,0
DA:61,0
DA:62,0
DA:63,0
DA:65,0
DA:66,0
DA:68,0
DA:73,2
DA:74,2
DA:75,2
DA:77,2
DA:78,1
DA:81,1
DA:82,1
DA:84,0
LF:39
LH:28
BRDA:17,0,0,7
BRDA:17,0,1,0
BRDA:27,1,0,1
BRDA:27,1,1,0
BRDA:47,2,0,1
BRDA:47,2,1,1
BRDA:65,3,0,0
BRDA:65,3,1,0
BRDA:77,4,0,1
BRDA:77,4,1,1
BRF:10
BRH:6
end_of_record
TN:
SF:src/infrastructure/http/middlewares/error-handler.middleware.ts
FN:4,(anonymous_0)
FNF:1
FNH:1
FNDA:2,(anonymous_0)
DA:2,1
DA:4,1
DA:10,2
DA:11,1
DA:17,1
DA:19,1
LF:6
LH:6
BRDA:10,0,0,1
BRDA:10,0,1,1
BRF:2
BRH:2
end_of_record
TN:
SF:src/infrastructure/http/middlewares/swagger.middleware.ts
FN:10,(anonymous_1)
FNF:1
FNH:0
FNDA:0,(anonymous_1)
DA:2,0
DA:3,0
DA:10,0
DA:11,0
DA:18,0
DA:19,0
DA:24,0
LF:7
LH:0
BRF:0
BRH:0
end_of_record
TN:
SF:src/infrastructure/http/routes/userRoutes.ts
FN:127,(anonymous_0)
FN:179,(anonymous_1)
FN:197,(anonymous_2)
FN:222,(anonymous_3)
FN:243,(anonymous_4)
FNF:5
FNH:0
FNDA:0,(anonymous_0)
FNDA:0,(anonymous_1)
FNDA:0,(anonymous_2)
FNDA:0,(anonymous_3)
FNDA:0,(anonymous_4)
DA:1,0
DA:2,0
DA:4,0
DA:5,0
DA:127,0
DA:179,0
DA:197,0
DA:222,0
DA:243,0
DA:245,0
LF:10
LH:0
BRF:0
BRH:0
end_of_record
TN:
SF:src/migrations/1699354629453-create-user-table.ts
FN:5,(anonymous_7)
FN:50,(anonymous_9)
FNF:2
FNH:0
FNDA:0,(anonymous_7)
FNDA:0,(anonymous_9)
DA:1,0
DA:3,0
DA:6,0
DA:51,0
LF:4
LH:0
BRF:0
BRH:0
end_of_record
TN:
SF:src/migrations/1709312100000-update-user-table.ts
FN:4,(anonymous_7)
FN:13,(anonymous_9)
FNF:2
FNH:0
FNDA:0,(anonymous_7)
FNDA:0,(anonymous_9)
DA:3,0
DA:6,0
DA:14,0
LF:3
LH:0
BRF:0
BRH:0
end_of_record
TN:
SF:src/shared/errors/AppError.ts
FN:2,(anonymous_0)
FNF:1
FNH:1
FNDA:5,(anonymous_0)
DA:1,4
DA:3,5
DA:4,5
DA:6,5
DA:7,5
DA:8,5
LF:6
LH:6
BRDA:4,0,0,0
BRF:1
BRH:0
end_of_record
TN:
SF:src/shared/errors/domain-errors.ts
FN:4,(anonymous_0)
FN:10,(anonymous_1)
FN:16,(anonymous_2)
FN:22,(anonymous_3)
FNF:4
FNH:3
FNDA:1,(anonymous_0)
FNDA:2,(anonymous_1)
FNDA:1,(anonymous_2)
FNDA:0,(anonymous_3)
DA:1,3
DA:3,3
DA:5,1
DA:9,3
DA:11,2
DA:15,3
DA:17,1
DA:21,3
DA:23,0
LF:9
LH:8
BRDA:5,0,0,1
BRDA:5,0,1,0
BRF:2
BRH:1
end_of_record
TN:
SF:src/test/mocks/UserRepositoryMock.ts
FN:4,(anonymous_7)
FN:8,(anonymous_8)
FN:20,(anonymous_10)
FN:21,(anonymous_12)
FN:24,(anonymous_13)
FN:25,(anonymous_15)
FN:28,(anonymous_16)
FN:29,(anonymous_18)
FN:50,(anonymous_19)
FN:51,(anonymous_21)
FN:57,(anonymous_22)
FN:61,(anonymous_24)
FNF:12
FNH:12
FNDA:17,(anonymous_7)
FNDA:10,(anonymous_8)
FNDA:7,(anonymous_10)
FNDA:4,(anonymous_12)
FNDA:10,(anonymous_13)
FNDA:3,(anonymous_15)
FNDA:2,(anonymous_16)
FNDA:2,(anonymous_18)
FNDA:1,(anonymous_19)
FNDA:1,(anonymous_21)
FNDA:1,(anonymous_22)
FNDA:15,(anonymous_24)
DA:1,4
DA:4,4
DA:5,17
DA:6,17
DA:9,10
DA:15,10
DA:16,10
DA:17,10
DA:21,7
DA:25,10
DA:29,2
DA:30,2
DA:32,2
DA:33,2
DA:40,2
DA:41,2
DA:46,2
DA:47,2
DA:51,1
DA:52,1
DA:53,1
DA:58,1
DA:62,15
LF:23
LH:23
BRDA:21,0,0,7
BRDA:21,0,1,3
BRDA:25,1,0,10
BRDA:25,1,1,8
BRDA:30,2,0,0
BRDA:30,2,1,2
BRDA:34,3,0,2
BRDA:34,3,1,0
BRDA:35,4,0,2
BRDA:35,4,1,2
BRDA:36,5,0,1
BRDA:36,5,1,1
BRDA:36,6,0,2
BRDA:36,6,1,2
BRDA:37,7,0,0
BRDA:37,7,1,2
BRDA:37,8,0,2
BRDA:37,8,1,2
BRDA:52,9,0,1
BRDA:52,9,1,0
BRF:20
BRH:16
end_of_record
